<?xml version="1.0" encoding="UTF-8"?>
<testng-results ignored="0" total="1" passed="1" failed="0" skipped="0">
  <reporter-output>
  </reporter-output>
  <suite started-at="2022-11-29T23:19:31 IST" name="Suite" finished-at="2022-11-29T23:19:31 IST" duration-ms="39">
    <groups>
    </groups>
    <test started-at="2022-11-29T23:19:31 IST" name="Test" finished-at="2022-11-29T23:19:31 IST" duration-ms="39">
      <class name="week1.Concate">
        <test-method signature="fun()[pri:0, instance:week1.Concate@1de5f259]" started-at="2022-11-29T23:19:31 IST" name="fun" finished-at="2022-11-29T23:19:31 IST" duration-ms="8" status="PASS">
          <reporter-output>
          </reporter-output>
        </test-method> <!-- fun -->
      </class> <!-- week1.Concate -->
    </test> <!-- Test -->
  </suite> <!-- Suite -->
</testng-results>
